<?xml version="1.0" encoding="UTF-8"?>
<testng-results ignored="0" total="1" passed="1" failed="0" skipped="0">
  <reporter-output>
  </reporter-output>
  <suite started-at="2024-11-27T15:12:32 IST" name="Default suite" finished-at="2024-11-27T15:13:33 IST" duration-ms="60393">
    <groups>
    </groups>
    <test started-at="2024-11-27T15:12:32 IST" name="Default test" finished-at="2024-11-27T15:13:33 IST" duration-ms="60393">
      <class name="TestCases.ExecuteTestCases">
        <test-method is-config="true" signature="OpenBrowser()[pri:0, instance:TestCases.ExecuteTestCases@384ad17b]" started-at="2024-11-27T15:12:32 IST" name="OpenBrowser" finished-at="2024-11-27T15:12:34 IST" duration-ms="1213" status="PASS">
          <reporter-output>
          </reporter-output>
        </test-method> <!-- OpenBrowser -->
        <test-method signature="TestCases()[pri:0, instance:TestCases.ExecuteTestCases@384ad17b]" started-at="2024-11-27T15:12:34 IST" name="TestCases" finished-at="2024-11-27T15:13:33 IST" duration-ms="59141" status="PASS">
          <reporter-output>
          </reporter-output>
        </test-method> <!-- TestCases -->
        <test-method is-config="true" signature="CloseBrowser()[pri:0, instance:TestCases.ExecuteTestCases@384ad17b]" started-at="2024-11-27T15:13:33 IST" name="CloseBrowser" finished-at="2024-11-27T15:13:33 IST" duration-ms="0" status="PASS">
          <reporter-output>
          </reporter-output>
        </test-method> <!-- CloseBrowser -->
      </class> <!-- TestCases.ExecuteTestCases -->
    </test> <!-- Default test -->
  </suite> <!-- Default suite -->
</testng-results>
